0 info it worked if it ends with ok
1 verbose cli [ 'node',
1 verbose cli   '/usr/local/bin/npm',
1 verbose cli   'i',
1 verbose cli   '--save-dev',
1 verbose cli   '@types/chai-interface' ]
2 info using npm@2.11.0
3 info using node@v0.12.4
4 verbose install initial load of /Users/gary/Dropbox/projects/ExpressionParser/package.json
5 warn package.json @ No description
6 warn package.json @ No repository field.
7 warn package.json @ No README data
8 warn package.json @ No license field.
9 verbose installManyTop reading scoped package data from /Users/gary/Dropbox/projects/ExpressionParser/node_modules/abbrev/package.json
10 verbose installManyTop reading scoped package data from /Users/gary/Dropbox/projects/ExpressionParser/node_modules/agent-base/package.json
11 verbose installManyTop reading scoped package data from /Users/gary/Dropbox/projects/ExpressionParser/node_modules/align-text/package.json
12 verbose installManyTop reading scoped package data from /Users/gary/Dropbox/projects/ExpressionParser/node_modules/amdefine/package.json
13 verbose installManyTop reading scoped package data from /Users/gary/Dropbox/projects/ExpressionParser/node_modules/ansi-align/package.json
14 verbose installManyTop reading scoped package data from /Users/gary/Dropbox/projects/ExpressionParser/node_modules/ansi-escapes/package.json
15 verbose installManyTop reading scoped package data from /Users/gary/Dropbox/projects/ExpressionParser/node_modules/ansi-regex/package.json
16 verbose installManyTop reading scoped package data from /Users/gary/Dropbox/projects/ExpressionParser/node_modules/ansi-styles/package.json
17 verbose installManyTop reading scoped package data from /Users/gary/Dropbox/projects/ExpressionParser/node_modules/any-promise/package.json
18 verbose installManyTop reading scoped package data from /Users/gary/Dropbox/projects/ExpressionParser/node_modules/archy/package.json
19 verbose installManyTop reading scoped package data from /Users/gary/Dropbox/projects/ExpressionParser/node_modules/arr-diff/package.json
20 verbose installManyTop reading scoped package data from /Users/gary/Dropbox/projects/ExpressionParser/node_modules/arr-flatten/package.json
21 verbose installManyTop reading scoped package data from /Users/gary/Dropbox/projects/ExpressionParser/node_modules/array-uniq/package.json
22 verbose installManyTop reading scoped package data from /Users/gary/Dropbox/projects/ExpressionParser/node_modules/array-unique/package.json
23 verbose installManyTop reading scoped package data from /Users/gary/Dropbox/projects/ExpressionParser/node_modules/arrify/package.json
24 verbose installManyTop reading scoped package data from /Users/gary/Dropbox/projects/ExpressionParser/node_modules/asn1/package.json
25 verbose installManyTop reading scoped package data from /Users/gary/Dropbox/projects/ExpressionParser/node_modules/assert-plus/package.json
26 verbose installManyTop reading scoped package data from /Users/gary/Dropbox/projects/ExpressionParser/node_modules/assertion-error/package.json
27 verbose installManyTop reading scoped package data from /Users/gary/Dropbox/projects/ExpressionParser/node_modules/assertion-error-formatter/package.json
28 verbose installManyTop reading scoped package data from /Users/gary/Dropbox/projects/ExpressionParser/node_modules/async/package.json
29 verbose installManyTop reading scoped package data from /Users/gary/Dropbox/projects/ExpressionParser/node_modules/asynckit/package.json
30 verbose installManyTop reading scoped package data from /Users/gary/Dropbox/projects/ExpressionParser/node_modules/aws-sign2/package.json
31 verbose installManyTop reading scoped package data from /Users/gary/Dropbox/projects/ExpressionParser/node_modules/aws4/package.json
32 verbose installManyTop reading scoped package data from /Users/gary/Dropbox/projects/ExpressionParser/node_modules/babel-code-frame/package.json
33 verbose installManyTop reading scoped package data from /Users/gary/Dropbox/projects/ExpressionParser/node_modules/babel-core/package.json
34 verbose installManyTop reading scoped package data from /Users/gary/Dropbox/projects/ExpressionParser/node_modules/babel-generator/package.json
35 verbose installManyTop reading scoped package data from /Users/gary/Dropbox/projects/ExpressionParser/node_modules/babel-helper-hoist-variables/package.json
36 verbose installManyTop reading scoped package data from /Users/gary/Dropbox/projects/ExpressionParser/node_modules/babel-helpers/package.json
37 verbose installManyTop reading scoped package data from /Users/gary/Dropbox/projects/ExpressionParser/node_modules/babel-messages/package.json
38 verbose installManyTop reading scoped package data from /Users/gary/Dropbox/projects/ExpressionParser/node_modules/babel-plugin-transform-cjs-system-wrapper/package.json
39 verbose installManyTop reading scoped package data from /Users/gary/Dropbox/projects/ExpressionParser/node_modules/babel-plugin-transform-es2015-modules-systemjs/package.json
40 verbose installManyTop reading scoped package data from /Users/gary/Dropbox/projects/ExpressionParser/node_modules/babel-plugin-transform-global-system-wrapper/package.json
41 verbose installManyTop reading scoped package data from /Users/gary/Dropbox/projects/ExpressionParser/node_modules/babel-plugin-transform-system-register/package.json
42 verbose installManyTop reading scoped package data from /Users/gary/Dropbox/projects/ExpressionParser/node_modules/babel-register/package.json
43 verbose installManyTop reading scoped package data from /Users/gary/Dropbox/projects/ExpressionParser/node_modules/babel-runtime/package.json
44 verbose installManyTop reading scoped package data from /Users/gary/Dropbox/projects/ExpressionParser/node_modules/babel-template/package.json
45 verbose installManyTop reading scoped package data from /Users/gary/Dropbox/projects/ExpressionParser/node_modules/babel-traverse/package.json
46 verbose installManyTop reading scoped package data from /Users/gary/Dropbox/projects/ExpressionParser/node_modules/babel-types/package.json
47 verbose installManyTop reading scoped package data from /Users/gary/Dropbox/projects/ExpressionParser/node_modules/babylon/package.json
48 verbose installManyTop reading scoped package data from /Users/gary/Dropbox/projects/ExpressionParser/node_modules/balanced-match/package.json
49 verbose installManyTop reading scoped package data from /Users/gary/Dropbox/projects/ExpressionParser/node_modules/bcrypt-pbkdf/package.json
50 verbose installManyTop reading scoped package data from /Users/gary/Dropbox/projects/ExpressionParser/node_modules/block-stream/package.json
51 verbose installManyTop reading scoped package data from /Users/gary/Dropbox/projects/ExpressionParser/node_modules/bluebird/package.json
52 verbose installManyTop reading scoped package data from /Users/gary/Dropbox/projects/ExpressionParser/node_modules/boom/package.json
53 verbose installManyTop reading scoped package data from /Users/gary/Dropbox/projects/ExpressionParser/node_modules/boxen/package.json
54 verbose installManyTop reading scoped package data from /Users/gary/Dropbox/projects/ExpressionParser/node_modules/brace-expansion/package.json
55 verbose installManyTop reading scoped package data from /Users/gary/Dropbox/projects/ExpressionParser/node_modules/braces/package.json
56 verbose installManyTop reading scoped package data from /Users/gary/Dropbox/projects/ExpressionParser/node_modules/browser-stdout/package.json
57 verbose installManyTop reading scoped package data from /Users/gary/Dropbox/projects/ExpressionParser/node_modules/buffer-crc32/package.json
58 verbose installManyTop reading scoped package data from /Users/gary/Dropbox/projects/ExpressionParser/node_modules/buffer-peek-stream/package.json
59 verbose installManyTop reading scoped package data from /Users/gary/Dropbox/projects/ExpressionParser/node_modules/buffer-shims/package.json
60 verbose installManyTop reading scoped package data from /Users/gary/Dropbox/projects/ExpressionParser/node_modules/camelcase/package.json
61 verbose installManyTop reading scoped package data from /Users/gary/Dropbox/projects/ExpressionParser/node_modules/capture-stack-trace/package.json
62 verbose installManyTop reading scoped package data from /Users/gary/Dropbox/projects/ExpressionParser/node_modules/caseless/package.json
63 verbose installManyTop reading scoped package data from /Users/gary/Dropbox/projects/ExpressionParser/node_modules/center-align/package.json
64 verbose installManyTop reading scoped package data from /Users/gary/Dropbox/projects/ExpressionParser/node_modules/chai/package.json
65 verbose installManyTop reading scoped package data from /Users/gary/Dropbox/projects/ExpressionParser/node_modules/chai-interface/package.json
66 verbose installManyTop reading scoped package data from /Users/gary/Dropbox/projects/ExpressionParser/node_modules/chalk/package.json
67 verbose installManyTop reading scoped package data from /Users/gary/Dropbox/projects/ExpressionParser/node_modules/cli-boxes/package.json
68 verbose installManyTop reading scoped package data from /Users/gary/Dropbox/projects/ExpressionParser/node_modules/cli-cursor/package.json
69 verbose installManyTop reading scoped package data from /Users/gary/Dropbox/projects/ExpressionParser/node_modules/cli-table/package.json
70 verbose installManyTop reading scoped package data from /Users/gary/Dropbox/projects/ExpressionParser/node_modules/cli-truncate/package.json
71 verbose installManyTop reading scoped package data from /Users/gary/Dropbox/projects/ExpressionParser/node_modules/cliui/package.json
72 verbose installManyTop reading scoped package data from /Users/gary/Dropbox/projects/ExpressionParser/node_modules/clone/package.json
73 verbose installManyTop reading scoped package data from /Users/gary/Dropbox/projects/ExpressionParser/node_modules/code-point-at/package.json
74 verbose installManyTop reading scoped package data from /Users/gary/Dropbox/projects/ExpressionParser/node_modules/colors/package.json
75 verbose installManyTop reading scoped package data from /Users/gary/Dropbox/projects/ExpressionParser/node_modules/columnify/package.json
76 verbose installManyTop reading scoped package data from /Users/gary/Dropbox/projects/ExpressionParser/node_modules/combined-stream/package.json
77 verbose installManyTop reading scoped package data from /Users/gary/Dropbox/projects/ExpressionParser/node_modules/commander/package.json
78 verbose installManyTop reading scoped package data from /Users/gary/Dropbox/projects/ExpressionParser/node_modules/concat-map/package.json
79 verbose installManyTop reading scoped package data from /Users/gary/Dropbox/projects/ExpressionParser/node_modules/concat-stream/package.json
80 verbose installManyTop reading scoped package data from /Users/gary/Dropbox/projects/ExpressionParser/node_modules/configstore/package.json
81 verbose installManyTop reading scoped package data from /Users/gary/Dropbox/projects/ExpressionParser/node_modules/convert-source-map/package.json
82 verbose installManyTop reading scoped package data from /Users/gary/Dropbox/projects/ExpressionParser/node_modules/core-js/package.json
83 verbose installManyTop reading scoped package data from /Users/gary/Dropbox/projects/ExpressionParser/node_modules/core-util-is/package.json
84 verbose installManyTop reading scoped package data from /Users/gary/Dropbox/projects/ExpressionParser/node_modules/create-error-class/package.json
85 verbose installManyTop reading scoped package data from /Users/gary/Dropbox/projects/ExpressionParser/node_modules/cryptiles/package.json
86 verbose installManyTop reading scoped package data from /Users/gary/Dropbox/projects/ExpressionParser/node_modules/crypto-random-string/package.json
87 verbose installManyTop reading scoped package data from /Users/gary/Dropbox/projects/ExpressionParser/node_modules/cucumber/package.json
88 verbose installManyTop reading scoped package data from /Users/gary/Dropbox/projects/ExpressionParser/node_modules/cucumber-expressions/package.json
89 verbose installManyTop reading scoped package data from /Users/gary/Dropbox/projects/ExpressionParser/node_modules/cucumber-tag-expressions/package.json
90 verbose installManyTop reading scoped package data from /Users/gary/Dropbox/projects/ExpressionParser/node_modules/d/package.json
91 verbose installManyTop reading scoped package data from /Users/gary/Dropbox/projects/ExpressionParser/node_modules/dashdash/package.json
92 verbose installManyTop reading scoped package data from /Users/gary/Dropbox/projects/ExpressionParser/node_modules/data-uri-to-buffer/package.json
93 verbose installManyTop reading scoped package data from /Users/gary/Dropbox/projects/ExpressionParser/node_modules/debug/package.json
94 verbose installManyTop reading scoped package data from /Users/gary/Dropbox/projects/ExpressionParser/node_modules/decamelize/package.json
95 verbose installManyTop reading scoped package data from /Users/gary/Dropbox/projects/ExpressionParser/node_modules/deep-eql/package.json
96 verbose installManyTop reading scoped package data from /Users/gary/Dropbox/projects/ExpressionParser/node_modules/deep-extend/package.json
97 verbose installManyTop reading scoped package data from /Users/gary/Dropbox/projects/ExpressionParser/node_modules/defaults/package.json
98 verbose installManyTop reading scoped package data from /Users/gary/Dropbox/projects/ExpressionParser/node_modules/delayed-stream/package.json
99 verbose installManyTop reading scoped package data from /Users/gary/Dropbox/projects/ExpressionParser/node_modules/detect-file/package.json
100 verbose installManyTop reading scoped package data from /Users/gary/Dropbox/projects/ExpressionParser/node_modules/detect-indent/package.json
101 verbose installManyTop reading scoped package data from /Users/gary/Dropbox/projects/ExpressionParser/node_modules/diff/package.json
102 verbose installManyTop reading scoped package data from /Users/gary/Dropbox/projects/ExpressionParser/node_modules/dot-prop/package.json
103 verbose installManyTop reading scoped package data from /Users/gary/Dropbox/projects/ExpressionParser/node_modules/duplexer2/package.json
104 verbose installManyTop reading scoped package data from /Users/gary/Dropbox/projects/ExpressionParser/node_modules/duration/package.json
105 verbose installManyTop reading scoped package data from /Users/gary/Dropbox/projects/ExpressionParser/node_modules/ecc-jsbn/package.json
106 verbose installManyTop reading scoped package data from /Users/gary/Dropbox/projects/ExpressionParser/node_modules/elegant-spinner/package.json
107 verbose installManyTop reading scoped package data from /Users/gary/Dropbox/projects/ExpressionParser/node_modules/err-code/package.json
108 verbose installManyTop reading scoped package data from /Users/gary/Dropbox/projects/ExpressionParser/node_modules/error-ex/package.json
109 verbose installManyTop reading scoped package data from /Users/gary/Dropbox/projects/ExpressionParser/node_modules/error-stack-parser/package.json
110 verbose installManyTop reading scoped package data from /Users/gary/Dropbox/projects/ExpressionParser/node_modules/es5-ext/package.json
111 verbose installManyTop reading scoped package data from /Users/gary/Dropbox/projects/ExpressionParser/node_modules/es6-iterator/package.json
112 verbose installManyTop reading scoped package data from /Users/gary/Dropbox/projects/ExpressionParser/node_modules/es6-symbol/package.json
113 verbose installManyTop reading scoped package data from /Users/gary/Dropbox/projects/ExpressionParser/node_modules/es6-template-strings/package.json
114 verbose installManyTop reading scoped package data from /Users/gary/Dropbox/projects/ExpressionParser/node_modules/escape-string-regexp/package.json
115 verbose installManyTop reading scoped package data from /Users/gary/Dropbox/projects/ExpressionParser/node_modules/esniff/package.json
116 verbose installManyTop reading scoped package data from /Users/gary/Dropbox/projects/ExpressionParser/node_modules/esutils/package.json
117 verbose installManyTop reading scoped package data from /Users/gary/Dropbox/projects/ExpressionParser/node_modules/exit-hook/package.json
118 verbose installManyTop reading scoped package data from /Users/gary/Dropbox/projects/ExpressionParser/node_modules/expand-brackets/package.json
119 verbose installManyTop reading scoped package data from /Users/gary/Dropbox/projects/ExpressionParser/node_modules/expand-range/package.json
120 verbose installManyTop reading scoped package data from /Users/gary/Dropbox/projects/ExpressionParser/node_modules/expand-tilde/package.json
121 verbose installManyTop reading scoped package data from /Users/gary/Dropbox/projects/ExpressionParser/node_modules/extend/package.json
122 verbose installManyTop reading scoped package data from /Users/gary/Dropbox/projects/ExpressionParser/node_modules/extglob/package.json
123 verbose installManyTop reading scoped package data from /Users/gary/Dropbox/projects/ExpressionParser/node_modules/extsprintf/package.json
124 verbose installManyTop reading scoped package data from /Users/gary/Dropbox/projects/ExpressionParser/node_modules/fd-slicer/package.json
125 verbose installManyTop reading scoped package data from /Users/gary/Dropbox/projects/ExpressionParser/node_modules/figures/package.json
126 verbose installManyTop reading scoped package data from /Users/gary/Dropbox/projects/ExpressionParser/node_modules/filename-regex/package.json
127 verbose installManyTop reading scoped package data from /Users/gary/Dropbox/projects/ExpressionParser/node_modules/fill-range/package.json
128 verbose installManyTop reading scoped package data from /Users/gary/Dropbox/projects/ExpressionParser/node_modules/filled-array/package.json
129 verbose installManyTop reading scoped package data from /Users/gary/Dropbox/projects/ExpressionParser/node_modules/findup-sync/package.json
130 verbose installManyTop reading scoped package data from /Users/gary/Dropbox/projects/ExpressionParser/node_modules/fined/package.json
131 verbose installManyTop reading scoped package data from /Users/gary/Dropbox/projects/ExpressionParser/node_modules/flagged-respawn/package.json
132 verbose installManyTop reading scoped package data from /Users/gary/Dropbox/projects/ExpressionParser/node_modules/for-in/package.json
133 verbose installManyTop reading scoped package data from /Users/gary/Dropbox/projects/ExpressionParser/node_modules/for-own/package.json
134 verbose installManyTop reading scoped package data from /Users/gary/Dropbox/projects/ExpressionParser/node_modules/forever-agent/package.json
135 verbose installManyTop reading scoped package data from /Users/gary/Dropbox/projects/ExpressionParser/node_modules/form-data/package.json
136 verbose installManyTop reading scoped package data from /Users/gary/Dropbox/projects/ExpressionParser/node_modules/fs-exists-sync/package.json
137 verbose installManyTop reading scoped package data from /Users/gary/Dropbox/projects/ExpressionParser/node_modules/fs.realpath/package.json
138 verbose installManyTop reading scoped package data from /Users/gary/Dropbox/projects/ExpressionParser/node_modules/fstream/package.json
139 verbose installManyTop reading scoped package data from /Users/gary/Dropbox/projects/ExpressionParser/node_modules/function-bind/package.json
140 verbose installManyTop reading scoped package data from /Users/gary/Dropbox/projects/ExpressionParser/node_modules/generate-function/package.json
141 verbose installManyTop reading scoped package data from /Users/gary/Dropbox/projects/ExpressionParser/node_modules/generate-object-property/package.json
142 verbose installManyTop reading scoped package data from /Users/gary/Dropbox/projects/ExpressionParser/node_modules/getpass/package.json
143 verbose installManyTop reading scoped package data from /Users/gary/Dropbox/projects/ExpressionParser/node_modules/gherkin/package.json
144 verbose installManyTop reading scoped package data from /Users/gary/Dropbox/projects/ExpressionParser/node_modules/glob/package.json
145 verbose installManyTop reading scoped package data from /Users/gary/Dropbox/projects/ExpressionParser/node_modules/glob-base/package.json
146 verbose installManyTop reading scoped package data from /Users/gary/Dropbox/projects/ExpressionParser/node_modules/glob-parent/package.json
147 verbose installManyTop reading scoped package data from /Users/gary/Dropbox/projects/ExpressionParser/node_modules/global-modules/package.json
148 verbose installManyTop reading scoped package data from /Users/gary/Dropbox/projects/ExpressionParser/node_modules/global-prefix/package.json
149 verbose installManyTop reading scoped package data from /Users/gary/Dropbox/projects/ExpressionParser/node_modules/globals/package.json
150 verbose installManyTop reading scoped package data from /Users/gary/Dropbox/projects/ExpressionParser/node_modules/got/package.json
151 verbose installManyTop reading scoped package data from /Users/gary/Dropbox/projects/ExpressionParser/node_modules/graceful-fs/package.json
152 verbose installManyTop reading scoped package data from /Users/gary/Dropbox/projects/ExpressionParser/node_modules/graceful-readlink/package.json
153 verbose installManyTop reading scoped package data from /Users/gary/Dropbox/projects/ExpressionParser/node_modules/growl/package.json
154 verbose installManyTop reading scoped package data from /Users/gary/Dropbox/projects/ExpressionParser/node_modules/har-validator/package.json
155 verbose installManyTop reading scoped package data from /Users/gary/Dropbox/projects/ExpressionParser/node_modules/has/package.json
156 verbose installManyTop reading scoped package data from /Users/gary/Dropbox/projects/ExpressionParser/node_modules/has-ansi/package.json
157 verbose installManyTop reading scoped package data from /Users/gary/Dropbox/projects/ExpressionParser/node_modules/has-flag/package.json
158 verbose installManyTop reading scoped package data from /Users/gary/Dropbox/projects/ExpressionParser/node_modules/has-unicode/package.json
159 verbose installManyTop reading scoped package data from /Users/gary/Dropbox/projects/ExpressionParser/node_modules/hawk/package.json
160 verbose installManyTop reading scoped package data from /Users/gary/Dropbox/projects/ExpressionParser/node_modules/hoek/package.json
161 verbose installManyTop reading scoped package data from /Users/gary/Dropbox/projects/ExpressionParser/node_modules/home-or-tmp/package.json
162 verbose installManyTop reading scoped package data from /Users/gary/Dropbox/projects/ExpressionParser/node_modules/homedir-polyfill/package.json
163 verbose installManyTop reading scoped package data from /Users/gary/Dropbox/projects/ExpressionParser/node_modules/http-proxy-agent/package.json
164 verbose installManyTop reading scoped package data from /Users/gary/Dropbox/projects/ExpressionParser/node_modules/http-signature/package.json
165 verbose installManyTop reading scoped package data from /Users/gary/Dropbox/projects/ExpressionParser/node_modules/https-proxy-agent/package.json
166 verbose installManyTop reading scoped package data from /Users/gary/Dropbox/projects/ExpressionParser/node_modules/imurmurhash/package.json
167 verbose installManyTop reading scoped package data from /Users/gary/Dropbox/projects/ExpressionParser/node_modules/indent-string/package.json
168 verbose installManyTop reading scoped package data from /Users/gary/Dropbox/projects/ExpressionParser/node_modules/inflight/package.json
169 verbose installManyTop reading scoped package data from /Users/gary/Dropbox/projects/ExpressionParser/node_modules/inherits/package.json
170 verbose installManyTop reading scoped package data from /Users/gary/Dropbox/projects/ExpressionParser/node_modules/ini/package.json
171 verbose installManyTop reading scoped package data from /Users/gary/Dropbox/projects/ExpressionParser/node_modules/invariant/package.json
172 verbose installManyTop reading scoped package data from /Users/gary/Dropbox/projects/ExpressionParser/node_modules/is-absolute/package.json
173 verbose installManyTop reading scoped package data from /Users/gary/Dropbox/projects/ExpressionParser/node_modules/is-arrayish/package.json
174 verbose installManyTop reading scoped package data from /Users/gary/Dropbox/projects/ExpressionParser/node_modules/is-buffer/package.json
175 verbose installManyTop reading scoped package data from /Users/gary/Dropbox/projects/ExpressionParser/node_modules/is-dotfile/package.json
176 verbose installManyTop reading scoped package data from /Users/gary/Dropbox/projects/ExpressionParser/node_modules/is-equal-shallow/package.json
177 verbose installManyTop reading scoped package data from /Users/gary/Dropbox/projects/ExpressionParser/node_modules/is-extendable/package.json
178 verbose installManyTop reading scoped package data from /Users/gary/Dropbox/projects/ExpressionParser/node_modules/is-extglob/package.json
179 verbose installManyTop reading scoped package data from /Users/gary/Dropbox/projects/ExpressionParser/node_modules/is-finite/package.json
180 verbose installManyTop reading scoped package data from /Users/gary/Dropbox/projects/ExpressionParser/node_modules/is-fullwidth-code-point/package.json
181 verbose installManyTop reading scoped package data from /Users/gary/Dropbox/projects/ExpressionParser/node_modules/is-generator/package.json
182 verbose installManyTop reading scoped package data from /Users/gary/Dropbox/projects/ExpressionParser/node_modules/is-glob/package.json
183 verbose installManyTop reading scoped package data from /Users/gary/Dropbox/projects/ExpressionParser/node_modules/is-my-json-valid/package.json
184 verbose installManyTop reading scoped package data from /Users/gary/Dropbox/projects/ExpressionParser/node_modules/is-npm/package.json
185 verbose installManyTop reading scoped package data from /Users/gary/Dropbox/projects/ExpressionParser/node_modules/is-number/package.json
186 verbose installManyTop reading scoped package data from /Users/gary/Dropbox/projects/ExpressionParser/node_modules/is-obj/package.json
187 verbose installManyTop reading scoped package data from /Users/gary/Dropbox/projects/ExpressionParser/node_modules/is-plain-obj/package.json
188 verbose installManyTop reading scoped package data from /Users/gary/Dropbox/projects/ExpressionParser/node_modules/is-posix-bracket/package.json
189 verbose installManyTop reading scoped package data from /Users/gary/Dropbox/projects/ExpressionParser/node_modules/is-primitive/package.json
190 verbose installManyTop reading scoped package data from /Users/gary/Dropbox/projects/ExpressionParser/node_modules/is-property/package.json
191 verbose installManyTop reading scoped package data from /Users/gary/Dropbox/projects/ExpressionParser/node_modules/is-redirect/package.json
192 verbose installManyTop reading scoped package data from /Users/gary/Dropbox/projects/ExpressionParser/node_modules/is-relative/package.json
193 verbose installManyTop reading scoped package data from /Users/gary/Dropbox/projects/ExpressionParser/node_modules/is-retry-allowed/package.json
194 verbose installManyTop reading scoped package data from /Users/gary/Dropbox/projects/ExpressionParser/node_modules/is-stream/package.json
195 verbose installManyTop reading scoped package data from /Users/gary/Dropbox/projects/ExpressionParser/node_modules/is-typedarray/package.json
196 verbose installManyTop reading scoped package data from /Users/gary/Dropbox/projects/ExpressionParser/node_modules/is-unc-path/package.json
197 verbose installManyTop reading scoped package data from /Users/gary/Dropbox/projects/ExpressionParser/node_modules/is-utf8/package.json
198 verbose installManyTop reading scoped package data from /Users/gary/Dropbox/projects/ExpressionParser/node_modules/is-windows/package.json
199 verbose installManyTop reading scoped package data from /Users/gary/Dropbox/projects/ExpressionParser/node_modules/isarray/package.json
200 verbose installManyTop reading scoped package data from /Users/gary/Dropbox/projects/ExpressionParser/node_modules/isexe/package.json
201 verbose installManyTop reading scoped package data from /Users/gary/Dropbox/projects/ExpressionParser/node_modules/isobject/package.json
202 verbose installManyTop reading scoped package data from /Users/gary/Dropbox/projects/ExpressionParser/node_modules/isstream/package.json
203 verbose installManyTop reading scoped package data from /Users/gary/Dropbox/projects/ExpressionParser/node_modules/jodid25519/package.json
204 verbose installManyTop reading scoped package data from /Users/gary/Dropbox/projects/ExpressionParser/node_modules/js-tokens/package.json
205 verbose installManyTop reading scoped package data from /Users/gary/Dropbox/projects/ExpressionParser/node_modules/jsbn/package.json
206 verbose installManyTop reading scoped package data from /Users/gary/Dropbox/projects/ExpressionParser/node_modules/jsesc/package.json
207 verbose installManyTop reading scoped package data from /Users/gary/Dropbox/projects/ExpressionParser/node_modules/json-schema/package.json
208 verbose installManyTop reading scoped package data from /Users/gary/Dropbox/projects/ExpressionParser/node_modules/json-stringify-safe/package.json
209 verbose installManyTop reading scoped package data from /Users/gary/Dropbox/projects/ExpressionParser/node_modules/json3/package.json
210 verbose installManyTop reading scoped package data from /Users/gary/Dropbox/projects/ExpressionParser/node_modules/json5/package.json
211 verbose installManyTop reading scoped package data from /Users/gary/Dropbox/projects/ExpressionParser/node_modules/jsonpointer/package.json
212 verbose installManyTop reading scoped package data from /Users/gary/Dropbox/projects/ExpressionParser/node_modules/jspm/package.json
213 verbose installManyTop reading scoped package data from /Users/gary/Dropbox/projects/ExpressionParser/node_modules/jspm-config/package.json
214 verbose installManyTop reading scoped package data from /Users/gary/Dropbox/projects/ExpressionParser/node_modules/jspm-github/package.json
215 verbose installManyTop reading scoped package data from /Users/gary/Dropbox/projects/ExpressionParser/node_modules/jspm-npm/package.json
216 verbose installManyTop reading scoped package data from /Users/gary/Dropbox/projects/ExpressionParser/node_modules/jspm-registry/package.json
217 verbose installManyTop reading scoped package data from /Users/gary/Dropbox/projects/ExpressionParser/node_modules/jsprim/package.json
218 verbose installManyTop reading scoped package data from /Users/gary/Dropbox/projects/ExpressionParser/node_modules/kind-of/package.json
219 verbose installManyTop reading scoped package data from /Users/gary/Dropbox/projects/ExpressionParser/node_modules/latest-version/package.json
220 verbose installManyTop reading scoped package data from /Users/gary/Dropbox/projects/ExpressionParser/node_modules/lazy-cache/package.json
221 verbose installManyTop reading scoped package data from /Users/gary/Dropbox/projects/ExpressionParser/node_modules/lazy-req/package.json
222 verbose installManyTop reading scoped package data from /Users/gary/Dropbox/projects/ExpressionParser/node_modules/liftoff/package.json
223 verbose installManyTop reading scoped package data from /Users/gary/Dropbox/projects/ExpressionParser/node_modules/listify/package.json
224 verbose installManyTop reading scoped package data from /Users/gary/Dropbox/projects/ExpressionParser/node_modules/lockfile/package.json
225 verbose installManyTop reading scoped package data from /Users/gary/Dropbox/projects/ExpressionParser/node_modules/lodash/package.json
226 verbose installManyTop reading scoped package data from /Users/gary/Dropbox/projects/ExpressionParser/node_modules/lodash._baseassign/package.json
227 verbose installManyTop reading scoped package data from /Users/gary/Dropbox/projects/ExpressionParser/node_modules/lodash._basecopy/package.json
228 verbose installManyTop reading scoped package data from /Users/gary/Dropbox/projects/ExpressionParser/node_modules/lodash._basecreate/package.json
229 verbose installManyTop reading scoped package data from /Users/gary/Dropbox/projects/ExpressionParser/node_modules/lodash._getnative/package.json
230 verbose installManyTop reading scoped package data from /Users/gary/Dropbox/projects/ExpressionParser/node_modules/lodash._isiterateecall/package.json
231 verbose installManyTop reading scoped package data from /Users/gary/Dropbox/projects/ExpressionParser/node_modules/lodash.assignwith/package.json
232 verbose installManyTop reading scoped package data from /Users/gary/Dropbox/projects/ExpressionParser/node_modules/lodash.create/package.json
233 verbose installManyTop reading scoped package data from /Users/gary/Dropbox/projects/ExpressionParser/node_modules/lodash.isarguments/package.json
234 verbose installManyTop reading scoped package data from /Users/gary/Dropbox/projects/ExpressionParser/node_modules/lodash.isarray/package.json
235 verbose installManyTop reading scoped package data from /Users/gary/Dropbox/projects/ExpressionParser/node_modules/lodash.isempty/package.json
236 verbose installManyTop reading scoped package data from /Users/gary/Dropbox/projects/ExpressionParser/node_modules/lodash.isplainobject/package.json
237 verbose installManyTop reading scoped package data from /Users/gary/Dropbox/projects/ExpressionParser/node_modules/lodash.isstring/package.json
238 verbose installManyTop reading scoped package data from /Users/gary/Dropbox/projects/ExpressionParser/node_modules/lodash.keys/package.json
239 verbose installManyTop reading scoped package data from /Users/gary/Dropbox/projects/ExpressionParser/node_modules/lodash.mapvalues/package.json
240 verbose installManyTop reading scoped package data from /Users/gary/Dropbox/projects/ExpressionParser/node_modules/lodash.pick/package.json
241 verbose installManyTop reading scoped package data from /Users/gary/Dropbox/projects/ExpressionParser/node_modules/log-update/package.json
242 verbose installManyTop reading scoped package data from /Users/gary/Dropbox/projects/ExpressionParser/node_modules/longest/package.json
243 verbose installManyTop reading scoped package data from /Users/gary/Dropbox/projects/ExpressionParser/node_modules/loose-envify/package.json
244 verbose installManyTop reading scoped package data from /Users/gary/Dropbox/projects/ExpressionParser/node_modules/lowercase-keys/package.json
245 verbose installManyTop reading scoped package data from /Users/gary/Dropbox/projects/ExpressionParser/node_modules/make-error/package.json
246 verbose installManyTop reading scoped package data from /Users/gary/Dropbox/projects/ExpressionParser/node_modules/make-error-cause/package.json
247 verbose installManyTop reading scoped package data from /Users/gary/Dropbox/projects/ExpressionParser/node_modules/map-cache/package.json
248 verbose installManyTop reading scoped package data from /Users/gary/Dropbox/projects/ExpressionParser/node_modules/micromatch/package.json
249 verbose installManyTop reading scoped package data from /Users/gary/Dropbox/projects/ExpressionParser/node_modules/mime-db/package.json
250 verbose installManyTop reading scoped package data from /Users/gary/Dropbox/projects/ExpressionParser/node_modules/mime-types/package.json
251 verbose installManyTop reading scoped package data from /Users/gary/Dropbox/projects/ExpressionParser/node_modules/minimatch/package.json
252 verbose installManyTop reading scoped package data from /Users/gary/Dropbox/projects/ExpressionParser/node_modules/minimist/package.json
253 verbose installManyTop reading scoped package data from /Users/gary/Dropbox/projects/ExpressionParser/node_modules/mkdirp/package.json
254 verbose installManyTop reading scoped package data from /Users/gary/Dropbox/projects/ExpressionParser/node_modules/mocha/package.json
255 verbose installManyTop reading scoped package data from /Users/gary/Dropbox/projects/ExpressionParser/node_modules/ms/package.json
256 verbose installManyTop reading scoped package data from /Users/gary/Dropbox/projects/ExpressionParser/node_modules/mz/package.json
257 verbose installManyTop reading scoped package data from /Users/gary/Dropbox/projects/ExpressionParser/node_modules/ncp/package.json
258 verbose installManyTop reading scoped package data from /Users/gary/Dropbox/projects/ExpressionParser/node_modules/netrc/package.json
259 verbose installManyTop reading scoped package data from /Users/gary/Dropbox/projects/ExpressionParser/node_modules/node-status-codes/package.json
260 verbose installManyTop reading scoped package data from /Users/gary/Dropbox/projects/ExpressionParser/node_modules/nopt/package.json
261 verbose installManyTop reading scoped package data from /Users/gary/Dropbox/projects/ExpressionParser/node_modules/normalize-path/package.json
262 verbose installManyTop reading scoped package data from /Users/gary/Dropbox/projects/ExpressionParser/node_modules/number-is-nan/package.json
263 verbose installManyTop reading scoped package data from /Users/gary/Dropbox/projects/ExpressionParser/node_modules/oauth-sign/package.json
264 verbose installManyTop reading scoped package data from /Users/gary/Dropbox/projects/ExpressionParser/node_modules/object-assign/package.json
265 verbose installManyTop reading scoped package data from /Users/gary/Dropbox/projects/ExpressionParser/node_modules/object.omit/package.json
266 verbose installManyTop reading scoped package data from /Users/gary/Dropbox/projects/ExpressionParser/node_modules/object.pick/package.json
267 verbose installManyTop reading scoped package data from /Users/gary/Dropbox/projects/ExpressionParser/node_modules/once/package.json
268 verbose installManyTop reading scoped package data from /Users/gary/Dropbox/projects/ExpressionParser/node_modules/onetime/package.json
269 verbose installManyTop reading scoped package data from /Users/gary/Dropbox/projects/ExpressionParser/node_modules/os-homedir/package.json
270 verbose installManyTop reading scoped package data from /Users/gary/Dropbox/projects/ExpressionParser/node_modules/os-tmpdir/package.json
271 verbose installManyTop reading scoped package data from /Users/gary/Dropbox/projects/ExpressionParser/node_modules/osenv/package.json
272 verbose installManyTop reading scoped package data from /Users/gary/Dropbox/projects/ExpressionParser/node_modules/package-json/package.json
273 verbose installManyTop reading scoped package data from /Users/gary/Dropbox/projects/ExpressionParser/node_modules/pad-right/package.json
274 verbose installManyTop reading scoped package data from /Users/gary/Dropbox/projects/ExpressionParser/node_modules/parse-filepath/package.json
275 verbose installManyTop reading scoped package data from /Users/gary/Dropbox/projects/ExpressionParser/node_modules/parse-glob/package.json
276 verbose installManyTop reading scoped package data from /Users/gary/Dropbox/projects/ExpressionParser/node_modules/parse-json/package.json
277 verbose installManyTop reading scoped package data from /Users/gary/Dropbox/projects/ExpressionParser/node_modules/parse-passwd/package.json
278 verbose installManyTop reading scoped package data from /Users/gary/Dropbox/projects/ExpressionParser/node_modules/path-is-absolute/package.json
279 verbose installManyTop reading scoped package data from /Users/gary/Dropbox/projects/ExpressionParser/node_modules/path-parse/package.json
280 verbose installManyTop reading scoped package data from /Users/gary/Dropbox/projects/ExpressionParser/node_modules/path-root/package.json
281 verbose installManyTop reading scoped package data from /Users/gary/Dropbox/projects/ExpressionParser/node_modules/path-root-regex/package.json
282 verbose installManyTop reading scoped package data from /Users/gary/Dropbox/projects/ExpressionParser/node_modules/pend/package.json
283 verbose installManyTop reading scoped package data from /Users/gary/Dropbox/projects/ExpressionParser/node_modules/pinkie/package.json
284 verbose installManyTop reading scoped package data from /Users/gary/Dropbox/projects/ExpressionParser/node_modules/pinkie-promise/package.json
285 verbose installManyTop reading scoped package data from /Users/gary/Dropbox/projects/ExpressionParser/node_modules/popsicle/package.json
286 verbose installManyTop reading scoped package data from /Users/gary/Dropbox/projects/ExpressionParser/node_modules/popsicle-proxy-agent/package.json
287 verbose installManyTop reading scoped package data from /Users/gary/Dropbox/projects/ExpressionParser/node_modules/popsicle-retry/package.json
288 verbose installManyTop reading scoped package data from /Users/gary/Dropbox/projects/ExpressionParser/node_modules/popsicle-rewrite/package.json
289 verbose installManyTop reading scoped package data from /Users/gary/Dropbox/projects/ExpressionParser/node_modules/popsicle-status/package.json
290 verbose installManyTop reading scoped package data from /Users/gary/Dropbox/projects/ExpressionParser/node_modules/prepend-http/package.json
291 verbose installManyTop reading scoped package data from /Users/gary/Dropbox/projects/ExpressionParser/node_modules/preserve/package.json
292 verbose installManyTop reading scoped package data from /Users/gary/Dropbox/projects/ExpressionParser/node_modules/private/package.json
293 verbose installManyTop reading scoped package data from /Users/gary/Dropbox/projects/ExpressionParser/node_modules/process-nextick-args/package.json
294 verbose installManyTop reading scoped package data from /Users/gary/Dropbox/projects/ExpressionParser/node_modules/promise-finally/package.json
295 verbose installManyTop reading scoped package data from /Users/gary/Dropbox/projects/ExpressionParser/node_modules/proper-lockfile/package.json
296 verbose installManyTop reading scoped package data from /Users/gary/Dropbox/projects/ExpressionParser/node_modules/punycode/package.json
297 verbose installManyTop reading scoped package data from /Users/gary/Dropbox/projects/ExpressionParser/node_modules/qs/package.json
298 verbose installManyTop reading scoped package data from /Users/gary/Dropbox/projects/ExpressionParser/node_modules/randomatic/package.json
299 verbose installManyTop reading scoped package data from /Users/gary/Dropbox/projects/ExpressionParser/node_modules/rc/package.json
300 verbose installManyTop reading scoped package data from /Users/gary/Dropbox/projects/ExpressionParser/node_modules/read-all-stream/package.json
301 verbose installManyTop reading scoped package data from /Users/gary/Dropbox/projects/ExpressionParser/node_modules/readable-stream/package.json
302 verbose installManyTop reading scoped package data from /Users/gary/Dropbox/projects/ExpressionParser/node_modules/rechoir/package.json
303 verbose installManyTop reading scoped package data from /Users/gary/Dropbox/projects/ExpressionParser/node_modules/regenerator-runtime/package.json
304 verbose installManyTop reading scoped package data from /Users/gary/Dropbox/projects/ExpressionParser/node_modules/regex-cache/package.json
305 verbose installManyTop reading scoped package data from /Users/gary/Dropbox/projects/ExpressionParser/node_modules/registry-auth-token/package.json
306 verbose installManyTop reading scoped package data from /Users/gary/Dropbox/projects/ExpressionParser/node_modules/registry-url/package.json
307 verbose installManyTop reading scoped package data from /Users/gary/Dropbox/projects/ExpressionParser/node_modules/repeat-element/package.json
308 verbose installManyTop reading scoped package data from /Users/gary/Dropbox/projects/ExpressionParser/node_modules/repeat-string/package.json
309 verbose installManyTop reading scoped package data from /Users/gary/Dropbox/projects/ExpressionParser/node_modules/repeating/package.json
310 verbose installManyTop reading scoped package data from /Users/gary/Dropbox/projects/ExpressionParser/node_modules/request/package.json
311 verbose installManyTop reading scoped package data from /Users/gary/Dropbox/projects/ExpressionParser/node_modules/resolve/package.json
312 verbose installManyTop reading scoped package data from /Users/gary/Dropbox/projects/ExpressionParser/node_modules/resolve-dir/package.json
313 verbose installManyTop reading scoped package data from /Users/gary/Dropbox/projects/ExpressionParser/node_modules/restore-cursor/package.json
314 verbose installManyTop reading scoped package data from /Users/gary/Dropbox/projects/ExpressionParser/node_modules/retry/package.json
315 verbose installManyTop reading scoped package data from /Users/gary/Dropbox/projects/ExpressionParser/node_modules/right-align/package.json
316 verbose installManyTop reading scoped package data from /Users/gary/Dropbox/projects/ExpressionParser/node_modules/rimraf/package.json
317 verbose installManyTop reading scoped package data from /Users/gary/Dropbox/projects/ExpressionParser/node_modules/rollup/package.json
318 verbose installManyTop reading scoped package data from /Users/gary/Dropbox/projects/ExpressionParser/node_modules/rsvp/package.json
319 verbose installManyTop reading scoped package data from /Users/gary/Dropbox/projects/ExpressionParser/node_modules/semver/package.json
320 verbose installManyTop reading scoped package data from /Users/gary/Dropbox/projects/ExpressionParser/node_modules/semver-diff/package.json
321 verbose installManyTop reading scoped package data from /Users/gary/Dropbox/projects/ExpressionParser/node_modules/slash/package.json
322 verbose installManyTop reading scoped package data from /Users/gary/Dropbox/projects/ExpressionParser/node_modules/slice-ansi/package.json
323 verbose installManyTop reading scoped package data from /Users/gary/Dropbox/projects/ExpressionParser/node_modules/slide/package.json
324 verbose installManyTop reading scoped package data from /Users/gary/Dropbox/projects/ExpressionParser/node_modules/sntp/package.json
325 verbose installManyTop reading scoped package data from /Users/gary/Dropbox/projects/ExpressionParser/node_modules/sort-keys/package.json
326 verbose installManyTop reading scoped package data from /Users/gary/Dropbox/projects/ExpressionParser/node_modules/source-map/package.json
327 verbose installManyTop reading scoped package data from /Users/gary/Dropbox/projects/ExpressionParser/node_modules/source-map-support/package.json
328 verbose installManyTop reading scoped package data from /Users/gary/Dropbox/projects/ExpressionParser/node_modules/sshpk/package.json
329 verbose installManyTop reading scoped package data from /Users/gary/Dropbox/projects/ExpressionParser/node_modules/stack-chain/package.json
330 verbose installManyTop reading scoped package data from /Users/gary/Dropbox/projects/ExpressionParser/node_modules/stack-generator/package.json
331 verbose installManyTop reading scoped package data from /Users/gary/Dropbox/projects/ExpressionParser/node_modules/stackframe/package.json
332 verbose installManyTop reading scoped package data from /Users/gary/Dropbox/projects/ExpressionParser/node_modules/stacktrace-gps/package.json
333 verbose installManyTop reading scoped package data from /Users/gary/Dropbox/projects/ExpressionParser/node_modules/stacktrace-js/package.json
334 verbose installManyTop reading scoped package data from /Users/gary/Dropbox/projects/ExpressionParser/node_modules/string-argv/package.json
335 verbose installManyTop reading scoped package data from /Users/gary/Dropbox/projects/ExpressionParser/node_modules/string-template/package.json
336 verbose installManyTop reading scoped package data from /Users/gary/Dropbox/projects/ExpressionParser/node_modules/string-width/package.json
337 verbose installManyTop reading scoped package data from /Users/gary/Dropbox/projects/ExpressionParser/node_modules/string_decoder/package.json
338 verbose installManyTop reading scoped package data from /Users/gary/Dropbox/projects/ExpressionParser/node_modules/stringstream/package.json
339 verbose installManyTop reading scoped package data from /Users/gary/Dropbox/projects/ExpressionParser/node_modules/strip-ansi/package.json
340 verbose installManyTop reading scoped package data from /Users/gary/Dropbox/projects/ExpressionParser/node_modules/strip-bom/package.json
341 verbose installManyTop reading scoped package data from /Users/gary/Dropbox/projects/ExpressionParser/node_modules/strip-json-comments/package.json
342 verbose installManyTop reading scoped package data from /Users/gary/Dropbox/projects/ExpressionParser/node_modules/supports-color/package.json
343 verbose installManyTop reading scoped package data from /Users/gary/Dropbox/projects/ExpressionParser/node_modules/systemjs/package.json
344 verbose installManyTop reading scoped package data from /Users/gary/Dropbox/projects/ExpressionParser/node_modules/systemjs-builder/package.json
345 verbose installManyTop reading scoped package data from /Users/gary/Dropbox/projects/ExpressionParser/node_modules/tar/package.json
346 verbose installManyTop reading scoped package data from /Users/gary/Dropbox/projects/ExpressionParser/node_modules/thenify/package.json
347 verbose installManyTop reading scoped package data from /Users/gary/Dropbox/projects/ExpressionParser/node_modules/thenify-all/package.json
348 verbose installManyTop reading scoped package data from /Users/gary/Dropbox/projects/ExpressionParser/node_modules/throat/package.json
349 verbose installManyTop reading scoped package data from /Users/gary/Dropbox/projects/ExpressionParser/node_modules/timed-out/package.json
350 verbose installManyTop reading scoped package data from /Users/gary/Dropbox/projects/ExpressionParser/node_modules/to-fast-properties/package.json
351 verbose installManyTop reading scoped package data from /Users/gary/Dropbox/projects/ExpressionParser/node_modules/touch/package.json
352 verbose installManyTop reading scoped package data from /Users/gary/Dropbox/projects/ExpressionParser/node_modules/tough-cookie/package.json
353 verbose installManyTop reading scoped package data from /Users/gary/Dropbox/projects/ExpressionParser/node_modules/traceur/package.json
354 verbose installManyTop reading scoped package data from /Users/gary/Dropbox/projects/ExpressionParser/node_modules/trim-right/package.json
355 verbose installManyTop reading scoped package data from /Users/gary/Dropbox/projects/ExpressionParser/node_modules/ts-node/package.json
356 verbose installManyTop reading scoped package data from /Users/gary/Dropbox/projects/ExpressionParser/node_modules/tsconfig/package.json
357 verbose installManyTop reading scoped package data from /Users/gary/Dropbox/projects/ExpressionParser/node_modules/tunnel-agent/package.json
358 verbose installManyTop reading scoped package data from /Users/gary/Dropbox/projects/ExpressionParser/node_modules/tweetnacl/package.json
359 verbose installManyTop reading scoped package data from /Users/gary/Dropbox/projects/ExpressionParser/node_modules/type-detect/package.json
360 verbose installManyTop reading scoped package data from /Users/gary/Dropbox/projects/ExpressionParser/node_modules/typedarray/package.json
361 verbose installManyTop reading scoped package data from /Users/gary/Dropbox/projects/ExpressionParser/node_modules/typescript/package.json
362 verbose installManyTop reading scoped package data from /Users/gary/Dropbox/projects/ExpressionParser/node_modules/typings/package.json
363 verbose installManyTop reading scoped package data from /Users/gary/Dropbox/projects/ExpressionParser/node_modules/typings-core/package.json
364 verbose installManyTop reading scoped package data from /Users/gary/Dropbox/projects/ExpressionParser/node_modules/uglify-js/package.json
365 verbose installManyTop reading scoped package data from /Users/gary/Dropbox/projects/ExpressionParser/node_modules/uglify-to-browserify/package.json
366 verbose installManyTop reading scoped package data from /Users/gary/Dropbox/projects/ExpressionParser/node_modules/unc-path-regex/package.json
367 verbose installManyTop reading scoped package data from /Users/gary/Dropbox/projects/ExpressionParser/node_modules/unique-string/package.json
368 verbose installManyTop reading scoped package data from /Users/gary/Dropbox/projects/ExpressionParser/node_modules/unzip-response/package.json
369 verbose installManyTop reading scoped package data from /Users/gary/Dropbox/projects/ExpressionParser/node_modules/update-notifier/package.json
370 verbose installManyTop reading scoped package data from /Users/gary/Dropbox/projects/ExpressionParser/node_modules/upper-case/package.json
371 verbose installManyTop reading scoped package data from /Users/gary/Dropbox/projects/ExpressionParser/node_modules/upper-case-first/package.json
372 verbose installManyTop reading scoped package data from /Users/gary/Dropbox/projects/ExpressionParser/node_modules/url-parse-lax/package.json
373 verbose installManyTop reading scoped package data from /Users/gary/Dropbox/projects/ExpressionParser/node_modules/user-home/package.json
374 verbose installManyTop reading scoped package data from /Users/gary/Dropbox/projects/ExpressionParser/node_modules/util-arity/package.json
375 verbose installManyTop reading scoped package data from /Users/gary/Dropbox/projects/ExpressionParser/node_modules/util-deprecate/package.json
376 verbose installManyTop reading scoped package data from /Users/gary/Dropbox/projects/ExpressionParser/node_modules/uuid/package.json
377 verbose installManyTop reading scoped package data from /Users/gary/Dropbox/projects/ExpressionParser/node_modules/v8flags/package.json
378 verbose installManyTop reading scoped package data from /Users/gary/Dropbox/projects/ExpressionParser/node_modules/verror/package.json
379 verbose installManyTop reading scoped package data from /Users/gary/Dropbox/projects/ExpressionParser/node_modules/wcwidth/package.json
380 verbose installManyTop reading scoped package data from /Users/gary/Dropbox/projects/ExpressionParser/node_modules/when/package.json
381 verbose installManyTop reading scoped package data from /Users/gary/Dropbox/projects/ExpressionParser/node_modules/which/package.json
382 verbose installManyTop reading scoped package data from /Users/gary/Dropbox/projects/ExpressionParser/node_modules/widest-line/package.json
383 verbose installManyTop reading scoped package data from /Users/gary/Dropbox/projects/ExpressionParser/node_modules/window-size/package.json
384 verbose installManyTop reading scoped package data from /Users/gary/Dropbox/projects/ExpressionParser/node_modules/wordwrap/package.json
385 verbose installManyTop reading scoped package data from /Users/gary/Dropbox/projects/ExpressionParser/node_modules/wrappy/package.json
386 verbose installManyTop reading scoped package data from /Users/gary/Dropbox/projects/ExpressionParser/node_modules/write-file-atomic/package.json
387 verbose installManyTop reading scoped package data from /Users/gary/Dropbox/projects/ExpressionParser/node_modules/xdg-basedir/package.json
388 verbose installManyTop reading scoped package data from /Users/gary/Dropbox/projects/ExpressionParser/node_modules/xtend/package.json
389 verbose installManyTop reading scoped package data from /Users/gary/Dropbox/projects/ExpressionParser/node_modules/yargs/package.json
390 verbose installManyTop reading scoped package data from /Users/gary/Dropbox/projects/ExpressionParser/node_modules/yauzl/package.json
391 verbose installManyTop reading scoped package data from /Users/gary/Dropbox/projects/ExpressionParser/node_modules/yn/package.json
392 verbose installManyTop reading scoped package data from /Users/gary/Dropbox/projects/ExpressionParser/node_modules/zip-object/package.json
393 verbose installManyTop reading scoped package data from /Users/gary/Dropbox/projects/ExpressionParser/node_modules/@types/chai/package.json
394 verbose installManyTop reading scoped package data from /Users/gary/Dropbox/projects/ExpressionParser/node_modules/@types/mocha/package.json
395 info package.json arr-flatten@1.0.1 license should be a valid SPDX license expression
396 info package.json array-unique@0.2.1 license should be a valid SPDX license expression
397 info package.json async@0.2.10 No license field.
398 info package.json bcrypt-pbkdf@1.0.1 No repository field.
399 info package.json cli-table@0.3.1 No license field.
400 info package.json diff@1.4.0 No license field.
401 info package.json duration@0.2.0 No license field.
402 info package.json esutils@2.0.2 No license field.
403 info package.json extsprintf@1.0.2 No license field.
404 info package.json filename-regex@2.0.0 license should be a valid SPDX license expression
405 info package.json flagged-respawn@0.3.2 No license field.
406 info package.json function-bind@1.1.0 No license field.
407 info package.json glob-base@0.3.0 license should be a valid SPDX license expression
408 info package.json has@1.0.1 No license field.
409 info package.json is-primitive@2.0.0 license should be a valid SPDX license expression
410 info package.json json-schema@0.2.3 No license field.
411 info package.json json3@3.3.2 No license field.
412 info package.json longest@1.0.1 license should be a valid SPDX license expression
413 info package.json nopt@1.0.10 license should be a valid SPDX license expression
414 info package.json preserve@0.2.0 license should be a valid SPDX license expression
415 info package.json punycode@1.4.1 punycode is also the name of a node core module.
416 info package.json rechoir@0.6.2 No license field.
417 info package.json repeat-element@1.1.2 license should be a valid SPDX license expression
418 info package.json sntp@1.0.9 No license field.
419 info package.json stackframe@0.3.1 license should be a valid SPDX license expression
420 info package.json string_decoder@0.10.31 string_decoder is also the name of a node core module.
421 info package.json v8flags@2.0.11 No license field.
422 info package.json verror@1.3.6 No license field.
423 info package.json window-size@0.1.0 No license field.
424 info package.json wordwrap@0.0.2 license should be a valid SPDX license expression
425 verbose readDependencies loading dependencies from /Users/gary/Dropbox/projects/ExpressionParser/package.json
426 silly cache add args [ '@types/chai-interface', null ]
427 verbose cache add spec @types/chai-interface
428 silly cache add parsed spec { raw: '@types/chai-interface',
428 silly cache add   scope: '@types',
428 silly cache add   name: '@types/chai-interface',
428 silly cache add   rawSpec: '',
428 silly cache add   spec: '*',
428 silly cache add   type: 'range' }
429 silly addNamed @types/chai-interface@*
430 verbose addNamed "*" is a valid semver range for @types/chai-interface
431 silly addNameRange { name: '@types/chai-interface', range: '*', hasData: false }
432 silly mapToRegistry name @types/chai-interface
433 silly mapToRegistry scope (from package name) @types
434 verbose mapToRegistry no registry URL found in name for scope @types
435 silly mapToRegistry using default registry
436 silly mapToRegistry registry https://registry.npmjs.org/
437 silly mapToRegistry uri https://registry.npmjs.org/@types%2fchai-interface
438 verbose addNameRange registry:https://registry.npmjs.org/@types%2fchai-interface not in flight; fetching
439 verbose request uri https://registry.npmjs.org/@types%2fchai-interface
440 verbose request no auth needed
441 info attempt registry request try #1 at 8:15:36 AM
442 verbose request id bfd2c65812db815c
443 http request GET https://registry.npmjs.org/@types%2fchai-interface
444 http 404 https://registry.npmjs.org/@types%2fchai-interface
445 verbose headers { 'content-type': 'application/json',
445 verbose headers   'cache-control': 'max-age=0',
445 verbose headers   'content-length': '2',
445 verbose headers   'accept-ranges': 'bytes',
445 verbose headers   date: 'Sun, 19 Mar 2017 08:15:25 GMT',
445 verbose headers   via: '1.1 varnish',
445 verbose headers   age: '0',
445 verbose headers   connection: 'keep-alive',
445 verbose headers   'x-served-by': 'cache-lcy1143-LCY',
445 verbose headers   'x-cache': 'MISS',
445 verbose headers   'x-cache-hits': '0',
445 verbose headers   'x-timer': 'S1489911325.365241,VS0,VE393',
445 verbose headers   vary: 'Accept-Encoding' }
446 silly get cb [ 404,
446 silly get   { 'content-type': 'application/json',
446 silly get     'cache-control': 'max-age=0',
446 silly get     'content-length': '2',
446 silly get     'accept-ranges': 'bytes',
446 silly get     date: 'Sun, 19 Mar 2017 08:15:25 GMT',
446 silly get     via: '1.1 varnish',
446 silly get     age: '0',
446 silly get     connection: 'keep-alive',
446 silly get     'x-served-by': 'cache-lcy1143-LCY',
446 silly get     'x-cache': 'MISS',
446 silly get     'x-cache-hits': '0',
446 silly get     'x-timer': 'S1489911325.365241,VS0,VE393',
446 silly get     vary: 'Accept-Encoding' } ]
447 verbose stack Error: Registry returned 404 for GET on https://registry.npmjs.org/@types%2fchai-interface
447 verbose stack     at CachingRegistryClient.<anonymous> (/usr/local/lib/node_modules/npm/node_modules/npm-registry-client/lib/request.js:239:14)
447 verbose stack     at Request._callback (/usr/local/lib/node_modules/npm/node_modules/npm-registry-client/lib/request.js:170:14)
447 verbose stack     at Request.self.callback (/usr/local/lib/node_modules/npm/node_modules/request/request.js:368:22)
447 verbose stack     at Request.emit (events.js:110:17)
447 verbose stack     at Request.<anonymous> (/usr/local/lib/node_modules/npm/node_modules/request/request.js:1219:14)
447 verbose stack     at Request.emit (events.js:129:20)
447 verbose stack     at IncomingMessage.<anonymous> (/usr/local/lib/node_modules/npm/node_modules/request/request.js:1167:12)
447 verbose stack     at IncomingMessage.emit (events.js:129:20)
447 verbose stack     at _stream_readable.js:908:16
447 verbose stack     at process._tickCallback (node.js:355:11)
448 verbose statusCode 404
449 verbose pkgid @types/chai-interface
450 verbose cwd /Users/gary/Dropbox/projects/ExpressionParser
451 error Darwin 16.4.0
452 error argv "node" "/usr/local/bin/npm" "i" "--save-dev" "@types/chai-interface"
453 error node v0.12.4
454 error npm  v2.11.0
455 error code E404
456 error 404 Registry returned 404 for GET on https://registry.npmjs.org/@types%2fchai-interface
456 error 404
456 error 404 '@types/chai-interface' is not in the npm registry.
456 error 404 You should bug the author to publish it (or use the name yourself!)
456 error 404
456 error 404 Note that you can also install from a
456 error 404 tarball, folder, http url, or git url.
457 verbose exit [ 1, true ]
